Drill report for DMH_Output_PCB_Controls.kicad_pcb
Created on 2026-06-25T19:47:14

Copper Layer Stackup:
    =============================================================
    L1 :  F.Cu                      front
    L2 :  B.Cu                      back


Drill file 'DMH_Output_PCB_Controls-PTH-drl.gbr' contains
    plated through holes:
    =============================================================
    T1  0.300mm  0.0118"  (1 hole)
    T2  0.800mm  0.0315"  (199 holes))
    T3  0.900mm  0.0354"  (46 holes))
    T4  1.000mm  0.0394"  (46 holes))
    T5  1.100mm  0.0433"  (6 holes)  (with 6 slots)

    Total plated holes count 298


Drill file 'DMH_Output_PCB_Controls-NPTH-drl.gbr' contains
    unplated through holes:
    =============================================================
    T1  2.700mm  0.1063"  (2 holes))

    Total unplated holes count 2
